2016-08-05 11:53:02,608 Initialized in: /var/www/fbpy/python-rtmbot
2016-08-05 11:53:02,616 Starting new HTTPS connection (1): slack.com
2016-08-05 11:54:47,595 Initialized in: /var/www/fbpy/python-rtmbot
2016-08-05 11:54:47,602 Starting new HTTPS connection (1): slack.com
2016-08-05 11:54:48,508 /var/www/fbpy/python-rtmbot/plugins/repeat/repeat.py
2016-08-05 11:54:48,517 []
2016-08-05 11:54:48,619 []
2016-08-05 11:54:48,721 []
2016-08-05 11:54:48,822 []
2016-08-05 11:54:48,923 []
2016-08-05 11:54:49,025 []
2016-08-05 11:54:52,142 []
2016-08-05 11:54:56,165 []
2016-08-05 11:54:58,880 []
2016-08-05 11:55:00,188 []
2016-08-05 11:55:04,111 []
2016-08-05 11:55:05,520 []
2016-08-05 11:55:06,024 []
2016-08-05 11:55:06,025 output from <module 'repeat' from '/var/www/fbpy/python-rtmbot/plugins/repeat/repeat.py'>
2016-08-05 11:55:08,139 []
2016-08-05 11:55:12,161 []
2016-08-05 11:55:16,184 []
2016-08-05 11:55:20,105 []
2016-08-05 11:55:24,127 []
2016-08-05 11:55:28,148 []
2016-08-05 11:55:32,171 []
2016-08-05 11:55:36,194 []
2016-08-05 11:55:40,117 []
2016-08-05 11:55:44,139 []
2016-08-05 11:55:48,163 []
2016-08-05 11:55:52,186 []
2016-08-05 11:55:56,108 []
2016-08-05 11:56:00,131 []
2016-08-05 11:56:04,154 []
2016-08-05 11:56:08,177 []
2016-08-05 11:56:12,198 []
2016-08-05 11:56:16,119 []
2016-08-05 11:56:20,143 []
2016-08-05 11:56:20,245 []
2016-08-05 11:56:24,167 []
2016-08-05 11:56:28,190 []
2016-08-05 11:56:32,113 []
2016-08-05 11:56:36,136 []
2016-08-05 11:56:40,158 []
2016-08-05 11:56:44,182 []
2016-08-05 11:56:48,105 []
2016-08-05 11:56:52,128 []
2016-08-05 11:56:56,151 []
2016-08-05 11:57:00,175 []
2016-08-05 11:57:04,198 []
2016-08-05 11:57:08,120 []
2016-08-05 11:57:12,144 []
2016-08-05 11:57:16,168 []
2016-08-05 11:57:20,191 []
2016-08-05 11:57:20,293 []
2016-08-05 11:57:24,115 []
2016-08-05 11:57:28,139 []
2016-08-05 11:57:32,162 []
2016-08-05 11:57:36,185 []
2016-08-05 11:57:40,108 []
2016-08-05 11:57:44,130 []
2016-08-05 11:57:48,152 []
2016-08-05 11:57:52,174 []
2016-08-05 11:57:56,196 []
2016-08-05 11:58:00,118 []
2016-08-05 11:58:04,139 []
2016-08-05 11:58:08,162 []
2016-08-05 11:58:12,185 []
2016-08-05 11:58:16,107 []
2016-08-05 11:58:20,130 []
2016-08-05 11:58:24,153 []
2016-08-05 11:58:28,176 []
2016-08-05 11:58:32,198 []
2016-08-05 11:58:36,120 []
2016-08-05 11:58:40,143 []
2016-08-05 11:58:44,165 []
2016-08-05 11:58:48,189 []
2016-08-05 11:58:52,112 []
2016-08-05 11:58:56,134 []
2016-08-05 11:59:00,158 []
2016-08-05 11:59:04,181 []
2016-08-05 11:59:08,103 []
2016-08-05 11:59:12,127 []
2016-08-05 11:59:16,150 []
2016-08-05 11:59:20,073 []
2016-08-05 11:59:20,175 []
2016-08-05 11:59:24,198 []
2016-08-05 11:59:28,120 []
2016-08-05 11:59:32,143 []
2016-08-05 11:59:36,167 []
2016-08-05 11:59:40,190 []
2016-08-05 11:59:44,112 []
2016-08-05 11:59:48,135 []
2016-08-05 11:59:52,158 []
2016-08-05 11:59:56,182 []
2016-08-05 12:00:00,205 []
2016-08-05 12:00:04,128 []
2016-08-05 12:00:08,151 []
2016-08-05 12:00:12,175 []
2016-08-05 12:00:16,199 []
2016-08-05 12:00:20,121 []
2016-08-05 12:00:24,144 []
2016-08-05 12:00:28,167 []
2016-08-05 12:00:32,191 []
2016-08-05 12:00:36,114 []
2016-08-05 12:00:40,137 []
2016-08-05 12:00:44,160 []
2016-08-05 12:00:48,183 []
2016-08-05 12:00:52,106 []
2016-08-05 12:00:56,129 []
2016-08-05 12:01:00,151 []
2016-08-05 12:01:04,174 []
2016-08-05 12:01:08,197 []
2016-08-05 12:01:12,120 []
2016-08-05 12:01:16,143 []
2016-08-05 12:01:20,166 []
2016-08-05 12:01:20,268 []
2016-08-05 12:01:24,190 []
2016-08-05 12:01:28,113 []
2016-08-05 12:01:32,135 []
2016-08-05 12:01:36,159 []
2016-08-05 12:01:40,183 []
2016-08-05 12:01:44,106 []
2016-08-05 12:01:48,129 []
2016-08-05 12:01:52,152 []
2016-08-05 12:01:56,175 []
2016-08-05 12:02:00,198 []
2016-08-05 12:02:04,120 []
2016-08-05 12:02:08,144 []
2016-08-05 12:02:12,168 []
2016-08-05 12:02:16,191 []
2016-08-05 12:02:20,114 []
2016-08-05 12:02:24,137 []
2016-08-05 12:02:28,160 []
2016-08-05 12:02:32,184 []
2016-08-05 12:02:36,106 []
2016-08-05 12:02:40,130 []
2016-08-05 12:02:44,153 []
2016-08-05 12:02:48,177 []
2016-08-05 12:02:52,200 []
2016-08-05 12:02:56,123 []
2016-08-05 12:03:00,146 []
2016-08-05 12:03:04,169 []
2016-08-05 12:03:08,192 []
2016-08-05 12:03:12,115 []
2016-08-05 12:03:16,138 []
2016-08-05 12:03:20,161 []
2016-08-05 12:03:20,263 []
2016-08-05 12:03:24,186 []
2016-08-05 12:03:28,108 []
2016-08-05 12:03:32,131 []
2016-08-05 12:03:36,155 []
2016-08-05 12:03:40,176 []
2016-08-05 12:03:44,199 []
2016-08-05 12:03:48,121 []
2016-08-05 12:03:52,143 []
2016-08-05 12:03:56,165 []
2016-08-05 12:04:00,188 []
2016-08-05 12:04:04,110 []
2016-08-05 12:04:08,134 []
2016-08-05 12:04:12,157 []
2016-08-05 12:04:16,180 []
2016-08-05 12:04:20,102 []
2016-08-05 12:04:24,125 []
2016-08-05 12:04:28,149 []
2016-08-05 12:04:32,172 []
2016-08-05 12:04:36,195 []
2016-08-05 12:04:40,117 []
2016-08-05 12:04:44,141 []
2016-08-05 12:04:48,164 []
2016-08-05 12:04:52,188 []
2016-08-05 12:04:56,110 []
2016-08-05 12:05:00,134 []
2016-08-05 12:05:04,156 []
2016-08-05 12:05:08,179 []
2016-08-05 12:05:12,101 []
2016-08-05 12:05:16,125 []
2016-08-05 12:05:20,148 []
2016-08-05 12:05:24,172 []
2016-08-05 12:05:28,195 []
2016-08-05 12:05:32,118 []
2016-08-05 12:05:36,141 []
2016-08-05 12:05:40,162 []
2016-08-05 12:05:44,185 []
2016-08-05 12:05:48,107 []
2016-08-05 12:05:52,129 []
2016-08-05 12:05:56,152 []
2016-08-05 12:06:00,275 []
2016-08-05 12:06:04,197 []
2016-08-05 12:06:08,121 []
2016-08-05 12:06:12,144 []
2016-08-05 12:06:16,167 []
2016-08-05 12:06:20,190 []
2016-08-05 12:06:20,292 []
2016-08-05 12:06:24,114 []
2016-08-05 12:06:28,137 []
2016-08-05 12:06:32,160 []
2016-08-05 12:06:36,183 []
2016-08-05 12:06:40,106 []
2016-08-05 12:06:44,129 []
2016-08-05 12:06:48,152 []
2016-08-05 12:06:52,175 []
2016-08-05 12:06:56,199 []
2016-08-05 12:07:00,121 []
2016-08-05 12:07:04,145 []
2016-08-05 12:07:08,168 []
2016-08-05 12:07:12,190 []
2016-08-05 12:07:16,112 []
2016-08-05 12:07:20,133 []
2016-08-05 12:07:24,156 []
2016-08-05 12:07:28,179 []
2016-08-05 12:07:32,102 []
2016-08-05 12:07:36,125 []
2016-08-05 12:07:40,147 []
2016-08-05 12:07:44,169 []
2016-08-05 12:07:48,192 []
2016-08-05 12:07:52,114 []
2016-08-05 12:07:56,138 []
2016-08-05 12:08:00,262 []
2016-08-05 12:08:04,185 []
2016-08-05 12:08:08,107 []
2016-08-05 12:08:12,131 []
2016-08-05 12:08:16,154 []
2016-08-05 12:08:20,178 []
2016-08-05 12:08:24,300 []
2016-08-05 12:08:28,122 []
2016-08-05 12:08:32,144 []
2016-08-05 12:08:36,167 []
2016-08-05 12:08:40,190 []
2016-08-05 12:08:44,113 []
2016-08-05 12:08:48,136 []
2016-08-05 12:08:52,159 []
2016-08-05 12:08:56,181 []
2016-08-05 12:09:00,103 []
2016-08-05 12:09:04,126 []
2016-08-05 12:09:08,148 []
2016-08-05 12:09:12,171 []
2016-08-05 12:09:16,194 []
2016-08-05 12:09:20,117 []
2016-08-05 12:09:20,219 []
2016-08-05 12:09:24,142 []
2016-08-05 12:09:28,165 []
2016-08-05 12:09:32,189 []
2016-08-05 12:09:36,111 []
2016-08-05 12:09:40,134 []
2016-08-05 12:09:44,157 []
2016-08-05 12:09:48,180 []
2016-08-05 12:09:52,103 []
2016-08-05 12:09:56,126 []
2016-08-05 12:10:00,149 []
2016-08-05 12:10:04,172 []
2016-08-05 12:10:08,195 []
2016-08-05 12:10:12,118 []
2016-08-05 12:10:16,141 []
2016-08-05 12:10:20,164 []
2016-08-05 12:10:24,187 []
2016-08-05 12:10:28,110 []
2016-08-05 12:10:32,133 []
2016-08-05 12:10:36,154 []
2016-08-05 12:10:40,175 []
2016-08-05 12:10:44,198 []
2016-08-05 12:10:48,120 []
2016-08-05 12:10:52,142 []
2016-08-05 12:10:56,165 []
2016-08-05 12:11:00,188 []
2016-08-05 12:11:04,111 []
2016-08-05 12:11:08,134 []
2016-08-05 12:11:12,157 []
2016-08-05 12:11:16,181 []
2016-08-05 12:11:20,103 []
2016-08-05 12:11:24,126 []
2016-08-05 12:11:28,152 []
2016-08-05 12:11:32,175 []
2016-08-05 12:11:36,197 []
2016-08-05 12:11:40,120 []
2016-08-05 12:11:44,143 []
2016-08-05 12:11:48,166 []
2016-08-05 12:11:52,190 []
2016-08-05 12:11:56,112 []
2016-08-05 12:12:00,135 []
2016-08-05 12:12:04,158 []
2016-08-05 12:12:08,181 []
2016-08-05 12:12:12,102 []
2016-08-05 12:12:16,126 []
2016-08-05 12:12:20,149 []
2016-08-05 12:12:20,251 []
2016-08-05 12:12:24,173 []
2016-08-05 12:12:28,196 []
2016-08-05 12:12:32,117 []
2016-08-05 12:12:36,140 []
2016-08-05 12:12:40,163 []
2016-08-05 12:12:44,186 []
2016-08-05 12:12:48,109 []
2016-08-05 12:12:52,132 []
2016-08-05 12:12:56,155 []
2016-08-05 12:13:00,178 []
2016-08-05 12:13:04,200 []
2016-08-05 12:13:08,122 []
2016-08-05 12:13:12,145 []
2016-08-05 12:13:16,168 []
2016-08-05 12:13:20,191 []
2016-08-05 12:13:24,113 []
2016-08-05 12:13:28,136 []
2016-08-05 12:13:32,159 []
2016-08-05 12:13:36,182 []
2016-08-05 12:13:40,105 []
2016-08-05 12:13:44,127 []
2016-08-05 12:13:48,150 []
2016-08-05 12:13:52,173 []
2016-08-05 12:13:56,196 []
2016-08-05 12:14:00,118 []
2016-08-05 12:14:04,141 []
2016-08-05 12:14:08,163 []
2016-08-05 12:14:12,186 []
2016-08-05 12:14:16,108 []
2016-08-05 12:14:20,130 []
2016-08-05 12:14:24,153 []
2016-08-05 12:14:28,177 []
2016-08-05 12:14:32,199 []
2016-08-05 12:14:36,121 []
2016-08-05 12:14:40,145 []
2016-08-05 12:14:44,167 []
2016-08-05 12:14:48,190 []
2016-08-05 12:14:52,112 []
2016-08-05 12:14:56,135 []
2016-08-05 12:15:00,159 []
2016-08-05 12:15:04,181 []
2016-08-05 12:15:08,103 []
2016-08-05 12:15:12,126 []
2016-08-05 12:15:16,149 []
2016-08-05 12:15:20,172 []
2016-08-05 12:15:20,274 []
2016-08-05 12:15:24,197 []
2016-08-05 12:15:28,119 []
2016-08-05 12:15:32,143 []
2016-08-05 12:15:36,166 []
2016-08-05 12:15:40,188 []
2016-08-05 12:15:44,111 []
2016-08-05 12:15:48,134 []
2016-08-05 12:15:52,156 []
2016-08-05 12:15:56,181 []
2016-08-05 12:16:00,204 []
2016-08-05 12:16:04,126 []
2016-08-05 12:16:08,150 []
2016-08-05 12:16:12,173 []
2016-08-05 12:16:16,196 []
2016-08-05 12:16:20,119 []
2016-08-05 12:16:24,142 []
2016-08-05 12:16:28,164 []
2016-08-05 12:16:32,186 []
2016-08-05 12:16:36,108 []
2016-08-05 12:16:40,130 []
2016-08-05 12:16:44,153 []
2016-08-05 12:16:48,175 []
2016-08-05 12:16:52,198 []
2016-08-05 12:16:56,120 []
2016-08-05 12:17:00,143 []
2016-08-05 12:17:04,165 []
2016-08-05 12:17:08,187 []
2016-08-05 12:17:12,109 []
2016-08-05 12:17:16,132 []
2016-08-05 12:17:20,154 []
2016-08-05 12:17:24,176 []
2016-08-05 12:17:28,199 []
2016-08-05 12:17:32,121 []
2016-08-05 12:17:36,144 []
2016-08-05 12:17:40,167 []
2016-08-05 12:17:44,191 []
2016-08-05 12:17:48,113 []
2016-08-05 12:17:52,135 []
2016-08-05 12:17:56,158 []
2016-08-05 12:18:00,182 []
2016-08-05 12:18:04,104 []
2016-08-05 12:18:08,127 []
2016-08-05 12:18:12,150 []
2016-08-05 12:18:16,173 []
2016-08-05 12:18:20,197 []
2016-08-05 12:18:20,298 []
2016-08-05 12:18:24,121 []
2016-08-05 12:18:28,144 []
2016-08-05 12:18:32,167 []
2016-08-05 12:18:36,189 []
2016-08-05 12:18:40,112 []
2016-08-05 12:18:44,135 []
2016-08-05 12:18:48,158 []
2016-08-05 12:18:52,181 []
2016-08-05 12:18:56,104 []
2016-08-05 12:19:00,126 []
2016-08-05 12:19:04,149 []
2016-08-05 12:19:08,172 []
2016-08-05 12:19:12,196 []
2016-08-05 12:19:16,118 []
2016-08-05 12:19:20,141 []
2016-08-05 12:19:24,164 []
2016-08-05 12:19:28,186 []
2016-08-05 12:19:32,108 []
2016-08-05 12:19:36,131 []
2016-08-05 12:19:40,154 []
2016-08-05 12:19:44,177 []
2016-08-05 12:19:48,199 []
2016-08-05 12:19:52,121 []
2016-08-05 12:19:56,144 []
2016-08-05 12:20:00,269 []
2016-08-05 12:20:04,190 []
2016-08-05 12:20:08,112 []
2016-08-05 12:20:12,135 []
2016-08-05 12:20:16,158 []
2016-08-05 12:20:20,182 []
2016-08-05 12:20:20,283 []
2016-08-05 12:20:24,105 []
2016-08-05 12:20:28,127 []
2016-08-05 12:20:32,149 []
2016-08-05 12:20:36,172 []
2016-08-05 12:20:40,195 []
2016-08-05 12:20:44,118 []
2016-08-05 12:20:48,141 []
2016-08-05 12:20:52,164 []
2016-08-05 12:20:56,188 []
2016-08-05 12:21:00,111 []
2016-08-05 12:21:04,134 []
2016-08-05 12:21:08,157 []
2016-08-05 12:21:12,180 []
2016-08-05 12:21:16,102 []
2016-08-05 12:21:20,125 []
2016-08-05 12:21:24,148 []
2016-08-05 12:21:28,172 []
2016-08-05 12:21:32,194 []
2016-08-05 12:21:36,115 []
2016-08-05 12:21:40,138 []
2016-08-05 12:21:44,159 []
2016-08-05 12:21:48,182 []
2016-08-05 12:21:52,104 []
2016-08-05 12:21:56,126 []
2016-08-05 12:22:00,149 []
2016-08-05 12:22:04,172 []
2016-08-05 12:22:08,195 []
2016-08-05 12:22:12,118 []
2016-08-05 12:22:16,141 []
2016-08-05 12:22:20,165 []
2016-08-05 12:22:20,266 []
2016-08-05 12:22:24,189 []
2016-08-05 12:22:28,112 []
2016-08-05 12:22:32,134 []
2016-08-05 12:22:36,157 []
2016-08-05 12:22:40,180 []
2016-08-05 12:22:44,102 []
2016-08-05 12:22:48,125 []
2016-08-05 12:22:52,148 []
2016-08-05 12:22:56,172 []
2016-08-05 12:23:00,195 []
2016-08-05 12:23:04,118 []
2016-08-05 12:23:08,141 []
2016-08-05 12:23:12,165 []
2016-08-05 12:23:16,188 []
2016-08-05 12:23:20,111 []
2016-08-05 12:23:20,815 []
2016-08-05 12:23:24,135 []
2016-08-05 12:23:28,158 []
2016-08-05 12:23:32,182 []
2016-08-05 12:23:36,105 []
2016-08-05 12:23:40,128 []
2016-08-05 12:23:44,151 []
2016-08-05 12:23:48,174 []
2016-08-05 12:23:52,198 []
2016-08-05 12:23:56,121 []
2016-08-05 12:24:00,143 []
2016-08-05 12:24:04,165 []
2016-08-05 12:24:08,189 []
2016-08-05 12:24:12,111 []
2016-08-05 12:24:16,134 []
2016-08-05 12:24:20,159 []
2016-08-05 12:24:24,182 []
2016-08-05 12:24:28,104 []
2016-08-05 12:24:32,127 []
2016-08-05 12:24:36,150 []
2016-08-05 12:24:40,172 []
2016-08-05 12:24:44,195 []
2016-08-05 12:24:48,118 []
2016-08-05 12:24:52,141 []
2016-08-05 12:24:56,163 []
2016-08-05 12:25:00,085 []
2016-08-05 12:25:00,186 []
2016-08-05 12:25:04,108 []
2016-08-05 12:25:08,130 []
2016-08-05 12:25:12,152 []
2016-08-05 12:25:16,174 []
2016-08-05 12:25:20,196 []
2016-08-05 12:25:20,298 []
2016-08-05 12:25:24,119 []
2016-08-05 12:25:28,142 []
2016-08-05 12:25:32,165 []
2016-08-05 12:25:36,188 []
2016-08-05 12:25:40,110 []
2016-08-05 12:25:44,133 []
2016-08-05 12:25:48,157 []
2016-08-05 12:25:52,180 []
2016-08-05 12:25:56,102 []
2016-08-05 12:26:00,125 []
2016-08-05 12:26:04,147 []
2016-08-05 12:26:08,170 []
2016-08-05 12:26:12,193 []
2016-08-05 12:26:16,115 []
2016-08-05 12:26:20,138 []
2016-08-05 12:26:24,161 []
2016-08-05 12:26:28,184 []
2016-08-05 12:26:32,106 []
2016-08-05 12:26:36,129 []
2016-08-05 12:26:40,153 []
2016-08-05 12:26:44,176 []
2016-08-05 12:26:48,198 []
2016-08-05 12:26:52,121 []
2016-08-05 12:26:56,144 []
2016-08-05 12:27:00,167 []
2016-08-05 12:27:04,190 []
2016-08-05 12:27:08,112 []
2016-08-05 12:27:12,135 []
2016-08-05 12:27:16,158 []
2016-08-05 12:27:20,181 []
2016-08-05 12:27:24,103 []
2016-08-05 12:27:28,125 []
2016-08-05 12:27:32,146 []
2016-08-05 12:27:36,167 []
2016-08-05 12:27:40,189 []
2016-08-05 12:27:44,111 []
2016-08-05 12:27:48,135 []
2016-08-05 12:27:52,158 []
2016-08-05 12:27:56,182 []
2016-08-05 12:28:00,205 []
2016-08-05 12:28:04,126 []
2016-08-05 12:28:08,149 []
2016-08-05 12:28:12,172 []
2016-08-05 12:28:16,196 []
2016-08-05 12:28:20,118 []
2016-08-05 12:28:20,220 []
2016-08-05 12:28:24,143 []
2016-08-05 12:28:28,166 []
2016-08-05 12:28:32,190 []
2016-08-05 12:28:36,112 []
2016-08-05 12:28:40,135 []
2016-08-05 12:28:44,158 []
2016-08-05 12:28:48,181 []
2016-08-05 12:28:52,103 []
2016-08-05 12:28:56,126 []
2016-08-05 12:29:00,149 []
2016-08-05 12:29:04,172 []
2016-08-05 12:29:08,195 []
2016-08-05 12:29:12,117 []
2016-08-05 12:29:16,140 []
2016-08-05 12:29:20,163 []
2016-08-05 12:29:24,186 []
2016-08-05 12:29:28,109 []
2016-08-05 12:29:32,132 []
2016-08-05 12:29:36,155 []
2016-08-05 12:29:40,178 []
2016-08-05 12:29:44,201 []
2016-08-05 12:29:48,124 []
2016-08-05 12:29:52,147 []
2016-08-05 12:29:56,169 []
2016-08-05 12:30:00,190 []
2016-08-05 12:30:04,112 []
2016-08-05 12:30:08,135 []
2016-08-05 12:30:12,158 []
2016-08-05 12:30:16,181 []
2016-08-05 12:30:20,103 []
2016-08-05 12:30:20,205 []
2016-08-05 12:30:24,127 []
2016-08-05 12:30:28,150 []
2016-08-05 12:30:32,173 []
2016-08-05 12:30:36,195 []
2016-08-05 12:30:40,117 []
2016-08-05 12:30:44,141 []
2016-08-05 12:30:48,164 []
2016-08-05 12:30:52,187 []
2016-08-05 12:30:56,109 []
2016-08-05 12:31:00,132 []
2016-08-05 12:31:04,155 []
2016-08-05 12:31:08,178 []
2016-08-05 12:31:12,201 []
2016-08-05 12:31:16,124 []
2016-08-05 12:31:20,147 []
2016-08-05 12:31:24,170 []
2016-08-05 12:31:28,193 []
2016-08-05 12:31:32,114 []
2016-08-05 12:31:36,137 []
2016-08-05 12:31:40,160 []
2016-08-05 12:31:44,184 []
2016-08-05 12:31:48,106 []
2016-08-05 12:31:52,129 []
2016-08-05 12:31:56,152 []
2016-08-05 12:32:00,174 []
2016-08-05 12:32:04,196 []
2016-08-05 12:32:08,119 []
2016-08-05 12:32:12,142 []
2016-08-05 12:32:16,166 []
2016-08-05 12:32:20,189 []
2016-08-05 12:32:24,112 []
2016-08-05 12:32:28,135 []
2016-08-05 12:32:32,157 []
2016-08-05 12:32:36,181 []
2016-08-05 12:32:40,103 []
2016-08-05 12:32:44,126 []
2016-08-05 12:32:48,148 []
2016-08-05 12:32:52,172 []
2016-08-05 12:32:56,195 []
2016-08-05 12:33:00,115 []
2016-08-05 12:33:04,138 []
2016-08-05 12:33:08,160 []
2016-08-05 12:33:12,182 []
2016-08-05 12:33:16,105 []
2016-08-05 12:33:20,127 []
2016-08-05 12:33:20,228 []
2016-08-05 12:33:24,151 []
2016-08-05 12:33:28,175 []
2016-08-05 12:33:32,197 []
2016-08-05 12:33:36,120 []
2016-08-05 12:33:40,143 []
2016-08-05 12:33:44,166 []
2016-08-05 12:33:48,189 []
2016-08-05 12:33:52,112 []
2016-08-05 12:33:56,135 []
2016-08-05 12:34:00,258 []
2016-08-05 12:34:04,180 []
2016-08-05 12:34:08,101 []
2016-08-05 12:34:12,125 []
2016-08-05 12:34:16,148 []
2016-08-05 12:34:20,171 []
2016-08-05 12:34:24,195 []
2016-08-05 12:34:28,117 []
2016-08-05 12:34:32,140 []
2016-08-05 12:34:36,163 []
2016-08-05 12:34:40,186 []
2016-08-05 12:34:44,108 []
2016-08-05 12:34:48,131 []
2016-08-05 12:34:52,154 []
2016-08-05 12:34:56,177 []
2016-08-05 12:35:00,199 []
2016-08-05 12:35:04,121 []
2016-08-05 12:35:08,145 []
2016-08-05 12:35:12,168 []
2016-08-05 12:35:16,190 []
2016-08-05 12:35:20,113 []
2016-08-05 12:35:24,136 []
2016-08-05 12:35:28,160 []
2016-08-05 12:35:32,183 []
2016-08-05 12:35:36,105 []
2016-08-05 12:35:40,128 []
2016-08-05 12:35:44,152 []
2016-08-05 12:35:48,175 []
2016-08-05 12:35:52,197 []
2016-08-05 12:35:56,220 []
2016-08-05 12:36:00,141 []
2016-08-05 12:36:04,164 []
2016-08-05 12:36:08,187 []
2016-08-05 12:36:12,109 []
2016-08-05 12:36:16,132 []
2016-08-05 12:36:20,155 []
2016-08-05 12:36:20,257 []
2016-08-05 12:36:24,179 []
2016-08-05 12:36:28,102 []
2016-08-05 12:36:32,125 []
2016-08-05 12:36:36,148 []
2016-08-05 12:36:40,172 []
2016-08-05 12:36:44,195 []
2016-08-05 12:36:48,118 []
2016-08-05 12:36:52,142 []
2016-08-05 12:36:56,166 []
2016-08-05 12:37:00,189 []
2016-08-05 12:37:04,111 []
2016-08-05 12:37:08,135 []
2016-08-05 12:37:12,158 []
2016-08-05 12:37:16,182 []
2016-08-05 12:37:20,106 []
2016-08-05 12:37:24,129 []
2016-08-05 12:37:28,152 []
2016-08-05 12:37:32,175 []
2016-08-05 12:37:36,198 []
2016-08-05 12:37:40,120 []
2016-08-05 12:37:44,143 []
2016-08-05 12:37:48,166 []
2016-08-05 12:37:52,188 []
2016-08-05 12:37:56,109 []
2016-08-05 12:38:00,130 []
2016-08-05 12:38:04,152 []
2016-08-05 12:38:08,176 []
2016-08-05 12:38:12,199 []
2016-08-05 12:38:16,121 []
2016-08-05 12:38:20,145 []
2016-08-05 12:38:24,168 []
2016-08-05 12:38:28,191 []
2016-08-05 12:38:32,114 []
2016-08-05 12:38:36,136 []
2016-08-05 12:38:40,159 []
2016-08-05 12:38:44,181 []
2016-08-05 12:38:48,103 []
2016-08-05 12:38:52,127 []
2016-08-05 12:38:56,150 []
2016-08-05 12:39:00,173 []
2016-08-05 12:39:04,196 []
2016-08-05 12:39:08,119 []
2016-08-05 12:39:12,142 []
2016-08-05 12:39:16,164 []
2016-08-05 12:39:20,186 []
2016-08-05 12:39:20,288 []
2016-08-05 12:39:24,110 []
2016-08-05 12:39:28,132 []
2016-08-05 12:39:32,154 []
2016-08-05 12:39:36,177 []
2016-08-05 12:39:40,201 []
2016-08-05 12:39:44,123 []
2016-08-05 12:39:48,147 []
2016-08-05 12:39:52,170 []
2016-08-05 12:39:56,192 []
2016-08-05 12:40:00,215 []
2016-08-05 12:40:04,138 []
2016-08-05 12:40:08,161 []
2016-08-05 12:40:12,184 []
2016-08-05 12:40:16,106 []
2016-08-05 12:40:20,129 []
2016-08-05 12:40:24,151 []
2016-08-05 12:40:28,174 []
2016-08-05 12:40:32,196 []
2016-08-05 12:40:36,118 []
2016-08-05 12:40:40,140 []
2016-08-05 12:40:44,162 []
2016-08-05 12:40:48,185 []
2016-08-05 12:40:52,107 []
2016-08-05 12:40:56,130 []
2016-08-05 12:41:00,153 []
2016-08-05 12:41:04,176 []
2016-08-05 12:41:08,199 []
2016-08-05 12:41:12,121 []
2016-08-05 12:41:16,144 []
2016-08-05 12:41:20,166 []
2016-08-05 12:41:20,268 []
2016-08-05 12:41:24,190 []
2016-08-05 12:41:28,111 []
2016-08-05 12:41:32,133 []
2016-08-05 12:41:36,155 []
2016-08-05 12:41:40,178 []
2016-08-05 12:41:44,200 []
2016-08-05 12:41:48,122 []
2016-08-05 12:41:52,145 []
2016-08-05 12:41:56,169 []
2016-08-05 12:42:00,191 []
2016-08-05 12:42:04,114 []
2016-08-05 12:42:08,137 []
2016-08-05 12:42:12,160 []
2016-08-05 12:42:16,183 []
2016-08-05 12:42:20,106 []
2016-08-05 12:42:24,130 []
2016-08-05 12:42:28,153 []
2016-08-05 12:42:32,176 []
2016-08-05 12:42:36,199 []
2016-08-05 12:42:40,122 []
2016-08-05 12:42:44,145 []
2016-08-05 12:42:48,168 []
2016-08-05 12:42:52,192 []
2016-08-05 12:42:56,114 []
2016-08-05 12:43:00,137 []
2016-08-05 12:43:04,160 []
2016-08-05 12:43:08,182 []
2016-08-05 12:43:12,104 []
2016-08-05 12:43:16,127 []
2016-08-05 12:43:20,150 []
2016-08-05 12:43:24,172 []
2016-08-05 12:43:28,194 []
2016-08-05 12:43:32,115 []
2016-08-05 12:43:36,137 []
2016-08-05 12:43:40,160 []
2016-08-05 12:43:44,182 []
2016-08-05 12:43:48,104 []
2016-08-05 12:43:52,127 []
2016-08-05 12:43:56,150 []
2016-08-05 12:44:00,273 []
2016-08-05 12:44:04,196 []
2016-08-05 12:44:08,118 []
2016-08-05 12:44:12,139 []
2016-08-05 12:44:16,162 []
2016-08-05 12:44:20,186 []
2016-08-05 12:44:20,288 []
2016-08-05 12:44:24,110 []
2016-08-05 12:44:28,133 []
2016-08-05 12:44:32,155 []
2016-08-05 12:44:36,179 []
2016-08-05 12:44:40,101 []
2016-08-05 12:44:44,124 []
2016-08-05 12:44:48,147 []
2016-08-05 12:44:52,170 []
2016-08-05 12:44:56,193 []
2016-08-05 12:45:00,115 []
2016-08-05 12:45:04,138 []
2016-08-05 12:45:08,161 []
2016-08-05 12:45:12,183 []
2016-08-05 12:45:16,106 []
2016-08-05 12:45:20,129 []
2016-08-05 12:45:24,151 []
2016-08-05 12:45:28,174 []
2016-08-05 12:45:32,197 []
2016-08-05 12:45:36,120 []
2016-08-05 12:45:40,143 []
2016-08-05 12:45:44,167 []
2016-08-05 12:45:48,189 []
2016-08-05 12:45:52,111 []
2016-08-05 12:45:56,134 []
2016-08-05 12:46:00,257 []
2016-08-05 12:46:04,179 []
2016-08-05 12:46:08,102 []
2016-08-05 12:46:12,125 []
2016-08-05 12:46:16,148 []
2016-08-05 12:46:20,172 []
2016-08-05 12:46:24,195 []
2016-08-05 12:46:28,117 []
2016-08-05 12:46:32,140 []
2016-08-05 12:46:36,163 []
2016-08-05 12:46:40,186 []
2016-08-05 12:46:44,109 []
2016-08-05 12:46:48,132 []
2016-08-05 12:46:52,154 []
2016-08-05 12:46:56,176 []
2016-08-05 12:47:00,199 []
2016-08-05 12:47:04,120 []
2016-08-05 12:47:08,142 []
2016-08-05 12:47:12,165 []
2016-08-05 12:47:16,188 []
2016-08-05 12:47:20,110 []
2016-08-05 12:47:20,212 []
2016-08-05 12:47:24,135 []
2016-08-05 12:47:28,158 []
2016-08-05 12:47:32,181 []
2016-08-05 12:47:36,103 []
2016-08-05 12:47:40,126 []
2016-08-05 12:47:44,149 []
2016-08-05 12:47:48,474 []
2016-08-05 12:47:52,196 []
2016-08-05 12:47:56,118 []
2016-08-05 12:48:00,141 []
2016-08-05 12:48:04,163 []
2016-08-05 12:48:08,186 []
2016-08-05 12:48:12,109 []
2016-08-05 12:48:16,132 []
2016-08-05 12:48:20,155 []
2016-08-05 12:48:24,178 []
2016-08-05 12:48:28,201 []
2016-08-05 12:48:32,123 []
2016-08-05 12:48:36,146 []
2016-08-05 12:48:40,169 []
2016-08-05 12:48:44,192 []
2016-08-05 12:48:48,115 []
2016-08-05 12:48:52,138 []
2016-08-05 12:48:56,161 []
2016-08-05 12:49:00,184 []
2016-08-05 12:49:04,106 []
2016-08-05 12:49:08,129 []
2016-08-05 12:49:12,152 []
2016-08-05 12:49:16,175 []
2016-08-05 12:49:20,198 []
2016-08-05 12:49:24,120 []
2016-08-05 12:49:28,147 []
2016-08-05 12:49:32,170 []
2016-08-05 12:49:36,192 []
2016-08-05 12:49:40,114 []
2016-08-05 12:49:44,137 []
2016-08-05 12:49:48,160 []
2016-08-05 12:49:52,183 []
2016-08-05 12:49:56,106 []
2016-08-05 12:50:00,128 []
2016-08-05 12:50:04,151 []
2016-08-05 12:50:08,174 []
2016-08-05 12:50:12,196 []
2016-08-05 12:50:16,119 []
2016-08-05 12:50:20,143 []
2016-08-05 12:50:20,245 []
2016-08-05 12:50:24,168 []
2016-08-05 12:50:28,191 []
2016-08-05 12:50:32,114 []
2016-08-05 12:50:36,137 []
2016-08-05 12:50:40,159 []
2016-08-05 12:50:44,182 []
2016-08-05 12:50:48,104 []
2016-08-05 12:50:52,127 []
2016-08-05 12:50:56,150 []
2016-08-05 12:51:00,172 []
2016-08-05 12:51:04,194 []
2016-08-05 12:51:08,116 []
2016-08-05 12:51:12,138 []
2016-08-05 12:51:16,161 []
2016-08-05 12:51:20,183 []
2016-08-05 12:51:24,105 []
2016-08-05 12:51:28,127 []
2016-08-05 12:51:32,150 []
2016-08-05 12:51:36,173 []
2016-08-05 12:51:40,196 []
2016-08-05 12:51:44,118 []
2016-08-05 12:51:48,142 []
2016-08-05 12:51:52,165 []
2016-08-05 12:51:56,188 []
2016-08-05 12:52:00,213 []
2016-08-05 12:52:04,135 []
2016-08-05 12:52:08,158 []
2016-08-05 12:52:12,181 []
2016-08-05 12:53:01,611 Initialized in: /var/www/fbpy/python-rtmbot
2016-08-05 12:53:01,619 Starting new HTTPS connection (1): slack.com
2016-08-05 12:53:02,779 /var/www/fbpy/python-rtmbot/plugins/repeat/repeat.py
2016-08-05 12:53:02,786 []
2016-08-05 12:53:02,888 []
2016-08-05 12:53:02,990 []
2016-08-05 12:53:03,091 []
2016-08-05 12:53:03,193 []
2016-08-05 12:53:06,110 []
2016-08-05 12:53:07,217 []
2016-08-05 12:53:07,318 []
2016-08-05 12:53:08,727 []
2016-08-05 12:53:08,829 []
2016-08-05 12:53:10,137 []
2016-08-05 12:53:14,160 []
2016-08-05 12:53:14,262 []
2016-08-05 12:53:14,464 []
2016-08-05 12:53:18,185 []
2016-08-05 12:53:20,097 []
2016-08-05 12:53:21,204 []
2016-08-05 12:53:21,507 []
2016-08-05 12:53:22,111 []
2016-08-05 12:53:22,917 []
2016-08-05 12:53:26,136 []
2016-08-05 12:53:30,159 []
2016-08-05 12:53:34,181 []
2016-08-05 12:53:38,103 []
2016-08-05 12:53:42,126 []
2016-08-05 12:53:46,149 []
2016-08-05 12:53:50,171 []
2016-08-05 12:53:54,195 []
2016-08-05 12:53:58,117 []
2016-08-05 12:54:02,140 []
2016-08-05 12:54:06,163 []
2016-08-05 12:54:10,185 []
2016-08-05 12:54:14,108 []
2016-08-05 12:54:18,131 []
2016-08-05 12:54:22,154 []
2016-08-05 12:54:26,176 []
2016-08-05 12:54:30,199 []
2016-08-05 12:54:34,122 []
2016-08-05 12:54:38,145 []
2016-08-05 12:54:42,168 []
2016-08-05 12:54:46,191 []
2016-08-05 12:54:50,114 []
2016-08-05 12:54:54,137 []
2016-08-05 12:54:58,159 []
2016-08-05 12:55:02,183 []
2016-08-05 12:55:06,106 []
2016-08-05 12:55:10,129 []
2016-08-05 12:55:13,771 Initialized in: /var/www/fbpy/python-rtmbot
2016-08-05 12:55:13,778 Starting new HTTPS connection (1): slack.com
2016-08-05 12:55:14,697 /var/www/fbpy/python-rtmbot/plugins/repeat/repeat.py
2016-08-05 12:55:14,703 []
2016-08-05 12:55:14,805 []
2016-08-05 12:55:14,908 []
2016-08-05 12:55:15,009 []
2016-08-05 12:55:15,311 []
2016-08-05 12:55:18,128 []
2016-08-05 12:55:20,241 []
2016-08-05 12:55:22,152 []
2016-08-05 12:55:25,671 []
2016-08-05 12:55:25,773 []
2016-08-05 12:55:25,774 output from <module 'repeat' from '/var/www/fbpy/python-rtmbot/plugins/repeat/repeat.py'>
2016-08-05 12:55:26,178 []
2016-08-05 12:55:30,201 []
2016-08-05 12:55:34,124 []
2016-08-05 12:55:38,146 []
2016-08-05 12:55:42,169 []
2016-08-05 12:55:46,191 []
2016-08-05 12:55:50,113 []
2016-08-05 12:55:54,137 []
2016-08-05 12:55:58,160 []
2016-08-05 12:56:02,183 []
2016-08-05 12:56:06,105 []
2016-08-05 12:56:10,128 []
2016-08-05 12:56:14,151 []
2016-08-05 12:56:18,174 []
2016-08-05 12:56:22,197 []
2016-08-05 12:56:26,120 []
2016-08-05 12:56:30,143 []
2016-08-05 12:56:34,165 []
2016-08-05 12:56:38,189 []
2016-08-05 12:56:42,112 []
2016-08-05 12:56:46,135 []
2016-08-05 12:56:50,159 []
2016-08-05 12:56:54,182 []
2016-08-05 12:56:58,103 []
2016-08-05 12:57:02,126 []
2016-08-05 12:57:06,149 []
2016-08-05 12:57:10,172 []
2016-08-05 12:57:14,194 []
2016-08-05 12:57:18,117 []
2016-08-05 12:57:22,140 []
2016-08-05 12:57:26,163 []
2016-08-05 12:57:30,186 []
2016-08-05 12:57:34,109 []
2016-08-05 12:57:38,131 []
2016-08-05 12:57:42,155 []
2016-08-05 12:57:46,177 []
2016-08-05 12:57:50,200 []
2016-08-05 12:57:54,123 []
2016-08-05 12:57:58,145 []
2016-08-05 12:58:02,167 []
2016-08-05 12:58:06,190 []
2016-08-05 12:58:10,112 []
2016-08-05 12:58:14,134 []
2016-08-05 12:58:18,158 []
2016-08-05 12:58:20,270 []
2016-08-05 12:58:22,181 []
2016-08-05 12:58:26,104 []
2016-08-05 12:58:30,126 []
2016-08-05 12:58:34,149 []
2016-08-05 12:58:38,172 []
2016-08-05 12:58:42,195 []
2016-08-05 12:58:46,117 []
2016-08-05 12:58:50,140 []
2016-08-05 12:58:54,163 []
2016-08-05 12:58:58,186 []
2016-08-05 12:59:02,108 []
2016-08-05 12:59:05,627 []
2016-08-05 12:59:06,131 []
2016-08-05 12:59:06,434 []
2016-08-05 12:59:10,155 []
2016-08-05 12:59:14,178 []
2016-08-05 12:59:18,201 []
2016-08-05 12:59:22,123 []
2016-08-05 12:59:26,146 []
2016-08-05 12:59:29,063 []
2016-08-05 12:59:30,170 []
2016-08-05 12:59:34,193 []
2016-08-05 12:59:38,115 []
2016-08-05 12:59:40,830 []
2016-08-05 12:59:42,139 []
2016-08-05 12:59:43,748 []
2016-08-05 12:59:44,151 []
2016-08-05 12:59:46,163 []
2016-08-05 12:59:47,371 []
2016-08-05 12:59:47,673 []
2016-08-05 12:59:49,283 []
2016-08-05 12:59:49,988 []
2016-08-05 12:59:50,191 []
2016-08-05 12:59:51,297 []
2016-08-05 12:59:53,611 []
2016-08-05 12:59:54,115 []
2016-08-05 12:59:54,418 []
2016-08-05 12:59:55,022 []
2016-08-05 12:59:57,776 Initialized in: /var/www/fbpy/python-rtmbot
2016-08-05 12:59:57,784 Starting new HTTPS connection (1): slack.com
2016-08-05 12:59:58,757 /var/www/fbpy/python-rtmbot/plugins/repeat/repeat.py
2016-08-05 12:59:58,765 []
2016-08-05 12:59:58,967 []
2016-08-05 12:59:59,069 []
2016-08-05 12:59:59,171 []
2016-08-05 12:59:59,273 []
2016-08-05 12:59:59,374 []
2016-08-05 12:59:59,476 []
2016-08-05 13:00:02,192 []
2016-08-05 13:00:02,294 []
2016-08-05 13:00:02,294 output from <module 'repeat' from '/var/www/fbpy/python-rtmbot/plugins/repeat/repeat.py'>
2016-08-05 13:00:02,396 []
2016-08-05 13:00:06,117 []
2016-08-05 13:00:07,826 []
2016-08-05 13:00:08,933 []
2016-08-05 13:00:08,933 output from <module 'repeat' from '/var/www/fbpy/python-rtmbot/plugins/repeat/repeat.py'>
2016-08-05 13:00:10,142 []
2016-08-05 13:00:14,164 []
2016-08-05 13:00:15,472 []
2016-08-05 13:00:18,187 []
2016-08-05 13:00:18,590 []
2016-08-05 13:00:20,401 []
2016-08-05 13:00:20,402 output from <module 'repeat' from '/var/www/fbpy/python-rtmbot/plugins/repeat/repeat.py'>
2016-08-05 13:00:22,113 []
2016-08-05 13:00:24,728 []
2016-08-05 13:00:25,232 []
2016-08-05 13:00:25,635 []
2016-08-05 13:00:25,636 output from <module 'repeat' from '/var/www/fbpy/python-rtmbot/plugins/repeat/repeat.py'>
2016-08-05 13:00:26,141 []
2016-08-05 13:00:27,952 []
2016-08-05 13:00:30,166 []
2016-08-05 13:00:30,971 []
2016-08-05 13:00:33,988 []
2016-08-05 13:00:34,191 []
2016-08-05 13:00:37,108 []
2016-08-05 13:00:38,115 []
2016-08-05 13:00:40,227 []
2016-08-05 13:00:42,139 []
2016-08-05 13:00:42,743 []
2016-08-05 13:00:42,744 output from <module 'repeat' from '/var/www/fbpy/python-rtmbot/plugins/repeat/repeat.py'>
2016-08-05 13:00:46,165 []
2016-08-05 13:00:50,187 []
2016-08-05 13:00:54,110 []
2016-08-05 13:00:58,134 []
2016-08-05 13:01:02,157 []
2016-08-05 13:01:06,179 []
2016-08-05 13:01:10,201 []
2016-08-05 13:01:14,124 []
2016-08-05 13:01:18,147 []
2016-08-05 13:01:20,259 []
2016-08-05 13:01:22,171 []
2016-08-05 13:01:26,194 []
2016-08-05 13:01:30,117 []
2016-08-05 13:01:34,140 []
2016-08-05 13:01:38,163 []
2016-08-05 13:01:42,185 []
2016-08-05 13:01:46,107 []
2016-08-05 13:01:50,130 []
2016-08-05 13:01:54,154 []
2016-08-05 13:01:58,177 []
2016-08-05 13:02:02,199 []
2016-08-05 13:02:06,122 []
2016-08-05 13:02:10,145 []
2016-08-05 13:02:14,169 []
2016-08-05 13:02:18,192 []
2016-08-05 13:02:22,114 []
2016-08-05 13:02:26,137 []
2016-08-05 13:02:30,161 []
2016-08-05 13:02:34,183 []
2016-08-05 13:02:38,106 []
2016-08-05 13:02:42,130 []
2016-08-05 13:02:46,153 []
2016-08-05 13:02:50,175 []
2016-08-05 13:02:54,199 []
2016-08-05 13:02:58,121 []
2016-08-05 13:03:02,144 []
2016-08-05 13:03:06,167 []
2016-08-05 13:03:10,190 []
2016-08-05 13:03:14,112 []
2016-08-05 13:03:18,135 []
2016-08-05 13:03:22,158 []
2016-08-05 13:03:26,181 []
2016-08-05 13:03:30,104 []
2016-08-05 13:03:34,126 []
2016-08-05 13:03:38,149 []
2016-08-05 13:03:42,172 []
2016-08-05 13:03:46,195 []
2016-08-05 13:03:50,117 []
2016-08-05 13:03:54,141 []
2016-08-05 13:03:58,164 []
2016-08-05 13:04:02,187 []
2016-08-05 13:04:06,109 []
2016-08-05 13:04:10,132 []
2016-08-05 13:04:14,155 []
2016-08-05 13:04:18,178 []
2016-08-05 13:04:20,191 []
2016-08-05 13:04:22,103 []
2016-08-05 13:04:26,124 []
2016-08-05 13:04:30,147 []
2016-08-05 13:04:34,169 []
2016-08-05 13:04:38,192 []
2016-08-05 13:04:42,115 []
2016-08-05 13:04:46,138 []
2016-08-05 13:04:50,161 []
2016-08-05 13:04:54,184 []
2016-08-05 13:04:58,107 []
2016-08-05 13:05:02,130 []
2016-08-05 13:05:06,153 []
2016-08-05 13:05:10,176 []
2016-08-05 13:05:14,199 []
2016-08-05 13:05:18,122 []
2016-08-05 13:05:22,144 []
2016-08-05 13:05:26,167 []
2016-08-05 13:05:30,190 []
2016-08-05 13:05:34,112 []
2016-08-05 13:05:38,135 []
2016-08-05 13:05:42,158 []
2016-08-05 13:05:46,181 []
2016-08-05 13:05:50,103 []
2016-08-05 13:05:54,127 []
2016-08-05 13:05:58,150 []
2016-08-05 13:06:02,173 []
2016-08-05 13:06:06,195 []
2016-08-05 13:06:10,117 []
2016-08-05 13:06:14,140 []
2016-08-05 13:06:18,163 []
2016-08-05 13:06:22,186 []
2016-08-05 13:06:26,107 []
2016-08-05 13:06:30,130 []
2016-08-05 13:06:34,153 []
2016-08-05 13:06:38,177 []
2016-08-05 13:06:42,199 []
2016-08-05 13:06:46,121 []
2016-08-05 13:06:50,144 []
2016-08-05 13:06:54,167 []
2016-08-05 13:06:58,190 []
2016-08-05 13:07:02,115 []
2016-08-05 13:07:06,137 []
2016-08-05 13:07:10,160 []
2016-08-05 13:07:14,182 []
2016-08-05 13:07:18,105 []
2016-08-05 13:07:20,218 []
2016-08-05 13:07:22,130 []
2016-08-05 13:07:26,153 []
2016-08-05 13:07:30,176 []
2016-08-05 13:07:34,197 []
2016-08-05 13:07:38,120 []
2016-08-05 13:07:42,144 []
2016-08-05 13:07:46,167 []
2016-08-05 13:07:50,190 []
2016-08-05 13:07:54,112 []
2016-08-05 13:07:58,135 []
2016-08-05 13:08:02,157 []
2016-08-05 13:08:06,179 []
2016-08-05 13:08:10,102 []
2016-08-05 13:08:14,125 []
2016-08-05 13:08:18,148 []
2016-08-05 13:08:22,171 []
2016-08-05 13:08:26,194 []
2016-08-05 13:08:30,116 []
2016-08-05 13:08:34,138 []
2016-08-05 13:08:38,161 []
2016-08-05 13:08:42,184 []
2016-08-05 13:08:46,106 []
2016-08-05 13:08:50,129 []
2016-08-05 13:08:54,152 []
2016-08-05 13:08:58,175 []
2016-08-05 13:09:02,197 []
2016-08-05 13:09:06,118 []
2016-08-05 13:09:10,141 []
2016-08-05 13:09:14,164 []
2016-08-05 13:09:18,187 []
2016-08-05 13:09:22,109 []
2016-08-05 13:09:26,133 []
2016-08-05 13:09:30,159 []
2016-08-05 13:09:34,182 []
2016-08-05 13:09:38,104 []
2016-08-05 13:09:42,127 []
2016-08-05 13:09:46,151 []
2016-08-05 13:09:50,173 []
2016-08-05 13:09:54,195 []
2016-08-05 13:09:58,117 []
2016-08-05 13:10:02,139 []
2016-08-05 13:10:06,161 []
2016-08-05 13:10:10,185 []
2016-08-05 13:10:14,107 []
2016-08-05 13:10:18,130 []
2016-08-05 13:10:20,243 []
2016-08-05 13:10:22,154 []
2016-08-05 13:10:26,177 []
2016-08-05 13:10:30,200 []
2016-08-05 13:10:34,122 []
2016-08-05 13:10:38,145 []
2016-08-05 13:10:42,168 []
2016-08-05 13:10:46,191 []
2016-08-05 13:10:50,114 []
2016-08-05 13:10:54,237 []
2016-08-05 13:10:58,159 []
2016-08-05 13:11:02,181 []
2016-08-05 13:11:06,104 []
2016-08-05 13:11:10,126 []
2016-08-05 13:11:14,149 []
2016-08-05 13:11:18,172 []
2016-08-05 13:11:22,195 []
2016-08-05 13:11:26,118 []
2016-08-05 13:11:30,141 []
2016-08-05 13:11:34,164 []
2016-08-05 13:11:38,186 []
2016-08-05 13:11:42,109 []
2016-08-05 13:11:46,131 []
2016-08-05 13:11:50,154 []
2016-08-05 13:11:54,177 []
2016-08-05 13:11:58,200 []
2016-08-05 13:12:02,127 []
2016-08-05 13:12:06,250 []
2016-08-05 13:12:10,172 []
2016-08-05 13:12:14,195 []
2016-08-05 13:12:18,118 []
2016-08-05 13:12:20,332 []
2016-08-05 13:12:22,143 []
2016-08-05 13:12:26,166 []
2016-08-05 13:12:30,189 []
2016-08-05 13:12:34,112 []
2016-08-05 13:12:38,134 []
2016-08-05 13:12:42,157 []
2016-08-05 13:12:46,180 []
2016-08-05 13:12:50,102 []
2016-08-05 13:12:54,125 []
2016-08-05 13:12:58,148 []
2016-08-05 13:13:02,170 []
2016-08-05 13:13:06,193 []
2016-08-05 13:13:10,115 []
2016-08-05 13:13:14,138 []
2016-08-05 13:13:18,161 []
2016-08-05 13:13:22,184 []
2016-08-05 13:13:26,106 []
2016-08-05 13:13:30,129 []
2016-08-05 13:13:34,152 []
2016-08-05 13:13:38,175 []
2016-08-05 13:13:42,198 []
2016-08-05 13:13:46,120 []
2016-08-05 13:13:50,144 []
2016-08-05 13:13:54,167 []
2016-08-05 13:13:58,191 []
2016-08-05 13:14:02,113 []
2016-08-05 13:14:06,136 []
2016-08-05 13:14:10,158 []
2016-08-05 13:14:14,181 []
2016-08-05 13:14:18,103 []
2016-08-05 13:14:22,124 []
2016-08-05 13:14:26,147 []
2016-08-05 13:14:30,170 []
2016-08-05 13:14:34,193 []
2016-08-05 13:14:38,115 []
2016-08-05 13:14:42,137 []
2016-08-05 13:14:46,159 []
2016-08-05 13:14:50,183 []
2016-08-05 13:14:54,105 []
2016-08-05 13:14:56,452 Initialized in: /var/www/fbpy/python-rtmbot
2016-08-05 13:14:56,460 Starting new HTTPS connection (1): slack.com
2016-08-05 13:14:57,171 /var/www/fbpy/python-rtmbot/plugins/Facebot/Facebot.py
2016-08-05 13:14:57,224 Starting new HTTPS connection (1): www.facebook.com
2016-08-05 13:14:59,185 login 100011444470233
2016-08-05 13:15:12,209 Initialized in: /var/www/fbpy/python-rtmbot
2016-08-05 13:15:12,217 Starting new HTTPS connection (1): slack.com
2016-08-05 13:15:12,961 /var/www/fbpy/python-rtmbot/plugins/Facebot/Facebot.py
2016-08-05 13:15:13,014 Starting new HTTPS connection (1): www.facebook.com
2016-08-05 13:15:14,360 login 100011444470233
2016-08-05 13:15:14,369 Starting new HTTPS connection (1): 0-edge-chat.facebook.com
2016-08-05 13:15:15,483 Starting new HTTPS connection (1): slack.com
2016-08-05 13:15:15,821 Starting new HTTPS connection (1): 0-channel-proxy-06-ash2.facebook.com
2016-08-05 13:15:44,813 Starting new HTTPS connection (1): graph.facebook.com
2016-08-05 13:16:19,133 Initialized in: /var/www/fbpy/python-rtmbot
2016-08-05 13:16:19,140 Starting new HTTPS connection (1): slack.com
2016-08-05 13:16:20,115 /var/www/fbpy/python-rtmbot/plugins/Facebot/Facebot.py
2016-08-05 13:16:20,166 Starting new HTTPS connection (1): www.facebook.com
2016-08-05 13:16:21,578 login 100011444470233
2016-08-05 13:16:21,586 Starting new HTTPS connection (1): 0-edge-chat.facebook.com
2016-08-05 13:16:21,917 Starting new HTTPS connection (1): slack.com
2016-08-05 13:16:22,165 Starting new HTTPS connection (1): 0-channel-proxy-06-ash2.facebook.com
2016-08-05 13:16:26,550 Starting new HTTPS connection (1): graph.facebook.com
2016-08-05 13:18:56,800 Initialized in: /var/www/fbpy/python-rtmbot
2016-08-05 13:18:56,808 Starting new HTTPS connection (1): slack.com
2016-08-05 13:18:57,673 /var/www/fbpy/python-rtmbot/plugins/Facebot/Facebot.py
2016-08-05 13:18:57,725 Starting new HTTPS connection (1): www.facebook.com
2016-08-05 13:18:59,069 login 100011444470233
2016-08-05 13:18:59,077 Starting new HTTPS connection (1): 0-edge-chat.facebook.com
2016-08-05 13:18:59,476 Starting new HTTPS connection (1): slack.com
2016-08-05 13:18:59,681 Starting new HTTPS connection (1): 0-channel-proxy-06-ash2.facebook.com
2016-08-05 13:19:03,256 Starting new HTTPS connection (1): graph.facebook.com
2016-09-06 17:28:48,233 Initialized in: /var/www/fbpy/python-rtmbot
2016-09-06 17:28:48,241 Starting new HTTPS connection (1): slack.com
2016-09-06 17:28:49,181 /var/www/fbpy/python-rtmbot/plugins/Facebot/Facebot.py
2016-09-06 17:28:49,303 Starting new HTTPS connection (1): www.facebook.com
2016-09-06 17:33:16,192 Initialized in: /var/www/fbpy/python-rtmbot
2016-09-06 17:33:16,200 Starting new HTTPS connection (1): slack.com
2016-09-06 17:33:17,182 /var/www/fbpy/python-rtmbot/plugins/Facebot/Facebot.py
2016-09-06 17:33:17,229 Starting new HTTPS connection (1): www.facebook.com
2016-09-06 17:33:19,114 login 100013350523436
2016-09-06 17:33:19,122 Starting new HTTPS connection (1): 0-edge-chat.facebook.com
2016-09-06 17:33:21,021 Starting new HTTPS connection (1): slack.com
2016-09-06 17:33:21,434 Starting new HTTPS connection (1): 0-channel-proxy-06-ash2.facebook.com
2016-09-06 17:39:19,463 Initialized in: /var/www/fbpy/python-rtmbot
2016-09-06 17:39:19,471 Starting new HTTPS connection (1): slack.com
2016-09-06 17:39:20,419 /var/www/fbpy/python-rtmbot/plugins/Facebot/Facebot.py
2016-09-06 17:39:20,469 Starting new HTTPS connection (1): www.facebook.com
2016-09-06 17:39:22,045 login 100013350523436
2016-09-06 17:39:22,053 Starting new HTTPS connection (1): 0-edge-chat.facebook.com
2016-09-06 17:39:23,020 Starting new HTTPS connection (1): slack.com
2016-09-06 17:39:23,365 Starting new HTTPS connection (1): 0-channel-proxy-06-ash2.facebook.com
2016-09-06 17:39:51,735 Starting new HTTPS connection (1): graph.facebook.com
2016-09-06 17:41:17,413 Initialized in: /var/www/fbpy/python-rtmbot
2016-09-06 17:41:17,421 Starting new HTTPS connection (1): slack.com
2016-09-06 17:41:18,382 /var/www/fbpy/python-rtmbot/plugins/Facebot/Facebot.py
2016-09-06 17:41:18,430 Starting new HTTPS connection (1): www.facebook.com
2016-09-06 17:41:20,050 login 100013350523436
2016-09-06 17:41:20,060 Starting new HTTPS connection (1): 0-edge-chat.facebook.com
2016-09-06 17:41:20,629 Starting new HTTPS connection (1): slack.com
2016-09-06 17:41:21,053 Starting new HTTPS connection (1): 0-channel-proxy-06-ash2.facebook.com
2016-09-06 17:41:46,969 Starting new HTTPS connection (1): graph.facebook.com
2016-09-06 17:43:49,460 Initialized in: /var/www/fbpy/python-rtmbot
2016-09-06 17:43:49,468 Starting new HTTPS connection (1): slack.com
2016-09-06 17:43:50,456 /var/www/fbpy/python-rtmbot/plugins/Facebot/Facebot.py
2016-09-06 17:44:30,537 Initialized in: /var/www/fbpy/python-rtmbot
2016-09-06 17:44:30,545 Starting new HTTPS connection (1): slack.com
2016-09-06 17:44:31,664 /var/www/fbpy/python-rtmbot/plugins/Facebot/Facebot.py
2016-09-06 17:44:31,713 Starting new HTTPS connection (1): www.facebook.com
2016-09-06 17:44:33,253 login 100013350523436
2016-09-06 17:44:33,262 Starting new HTTPS connection (1): 0-edge-chat.facebook.com
2016-09-06 17:44:33,769 Starting new HTTPS connection (1): slack.com
2016-09-06 17:44:34,097 Starting new HTTPS connection (1): 0-channel-proxy-06-ash2.facebook.com
2016-09-06 17:44:41,398 Starting new HTTPS connection (1): graph.facebook.com
2016-09-06 17:49:43,551 Initialized in: /var/www/fbpy/python-rtmbot
2016-09-06 17:49:43,558 Starting new HTTPS connection (1): slack.com
2016-09-06 17:49:44,497 /var/www/fbpy/python-rtmbot/plugins/Facebot/Facebot.py
2016-09-06 17:49:44,550 Starting new HTTPS connection (1): www.facebook.com
2016-09-06 17:49:46,221 login 100013350523436
2016-09-06 17:49:46,229 Starting new HTTPS connection (1): 0-edge-chat.facebook.com
2016-09-06 17:49:46,765 Starting new HTTPS connection (1): slack.com
2016-09-06 17:49:47,089 Starting new HTTPS connection (1): 0-channel-proxy-06-ash2.facebook.com
2016-09-06 17:50:16,207 []
2016-09-06 17:50:16,207 /var/www/fbpy/python-rtmbot/plugins/Facebot/setup.py
2016-09-06 17:50:34,438 Initialized in: /var/www/fbpy/python-rtmbot
2016-09-06 17:50:34,446 Starting new HTTPS connection (1): slack.com
2016-09-06 17:50:35,425 /var/www/fbpy/python-rtmbot/plugins/Facebot/Facebot.py
2016-09-06 17:50:35,478 Starting new HTTPS connection (1): www.facebook.com
2016-09-06 17:50:37,152 login 100013350523436
2016-09-06 17:50:37,161 Starting new HTTPS connection (1): 0-edge-chat.facebook.com
2016-09-06 17:50:37,690 Starting new HTTPS connection (1): slack.com
2016-09-06 17:50:38,044 Starting new HTTPS connection (1): 0-channel-proxy-06-ash2.facebook.com
2016-09-06 17:50:38,533 []
2016-09-06 17:50:38,533 /var/www/fbpy/python-rtmbot/plugins/Facebot/setup.py
2016-09-06 17:51:34,068 Initialized in: /var/www/fbpy/python-rtmbot
2016-09-06 17:51:34,075 Starting new HTTPS connection (1): slack.com
2016-09-06 17:51:35,014 /var/www/fbpy/python-rtmbot/plugins/Facebot/Facebot.py
2016-09-06 17:51:35,061 Starting new HTTPS connection (1): www.facebook.com
2016-09-06 17:51:36,602 login 100013350523436
2016-09-06 17:51:36,610 Starting new HTTPS connection (1): 0-edge-chat.facebook.com
2016-09-06 17:51:37,140 Starting new HTTPS connection (1): slack.com
2016-09-06 17:51:37,445 Starting new HTTPS connection (1): 0-channel-proxy-06-ash2.facebook.com
2016-09-06 17:51:37,933 Starting new HTTPS connection (1): developers.facebook.com
2016-09-06 17:51:59,123 []
2016-09-06 17:51:59,124 /var/www/fbpy/python-rtmbot/plugins/Facebot/setup.py
2016-09-06 17:52:31,575 Initialized in: /var/www/fbpy/python-rtmbot
2016-09-06 17:52:31,583 Starting new HTTPS connection (1): slack.com
2016-09-06 17:52:32,449 /var/www/fbpy/python-rtmbot/plugins/Facebot/Facebot.py
2016-09-06 17:52:32,502 Starting new HTTPS connection (1): www.facebook.com
2016-09-06 17:52:34,164 login 100013350523436
2016-09-06 17:52:34,168 Starting new HTTPS connection (1): developers.facebook.com
2016-09-06 17:53:02,377 Initialized in: /var/www/fbpy/python-rtmbot
2016-09-06 17:53:02,385 Starting new HTTPS connection (1): slack.com
2016-09-06 17:53:03,554 /var/www/fbpy/python-rtmbot/plugins/Facebot/Facebot.py
2016-09-06 17:53:19,912 Initialized in: /var/www/fbpy/python-rtmbot
2016-09-06 17:53:19,919 Starting new HTTPS connection (1): slack.com
2016-09-06 17:53:20,815 /var/www/fbpy/python-rtmbot/plugins/Facebot/Facebot.py
2016-09-06 17:53:20,866 Starting new HTTPS connection (1): www.facebook.com
2016-09-06 17:53:22,392 login 100013350523436
2016-09-06 17:53:22,396 Starting new HTTPS connection (1): developers.facebook.com
2016-09-06 17:53:28,731 Initialized in: /var/www/fbpy/python-rtmbot
2016-09-06 17:53:28,739 Starting new HTTPS connection (1): slack.com
2016-09-06 17:53:29,601 /var/www/fbpy/python-rtmbot/plugins/Facebot/Facebot.py
2016-09-06 17:53:29,651 Starting new HTTPS connection (1): www.facebook.com
2016-09-06 17:53:45,243 Initialized in: /var/www/fbpy/python-rtmbot
2016-09-06 17:53:45,251 Starting new HTTPS connection (1): slack.com
2016-09-06 17:53:46,355 /var/www/fbpy/python-rtmbot/plugins/Facebot/Facebot.py
2016-09-06 17:53:46,404 Starting new HTTPS connection (1): www.facebook.com
2016-09-06 17:53:48,384 login 100013350523436
2016-09-06 17:53:48,388 Starting new HTTPS connection (1): developers.facebook.com
2016-09-06 17:53:49,961 Starting new HTTPS connection (1): 0-edge-chat.facebook.com
2016-09-06 17:53:55,651 Starting new HTTPS connection (1): slack.com
2016-09-06 17:53:56,044 Starting new HTTPS connection (1): 0-channel-proxy-06-ash2.facebook.com
2016-09-06 17:53:56,762 Starting new HTTPS connection (1): graph.facebook.com
2016-09-06 17:54:05,410 Starting new HTTPS connection (1): graph.facebook.com
2016-09-06 17:54:09,916 Initialized in: /var/www/fbpy/python-rtmbot
2016-09-06 17:54:09,924 Starting new HTTPS connection (1): slack.com
2016-09-06 17:54:10,819 /var/www/fbpy/python-rtmbot/plugins/Facebot/Facebot.py
2016-09-06 17:54:10,870 Starting new HTTPS connection (1): www.facebook.com
2016-09-06 17:55:33,573 Initialized in: /var/www/fbpy/python-rtmbot
2016-09-06 17:55:33,581 Starting new HTTPS connection (1): slack.com
2016-09-06 17:55:34,501 /var/www/fbpy/python-rtmbot/plugins/Facebot/Facebot.py
2016-09-06 17:55:34,556 Starting new HTTPS connection (1): www.facebook.com
2016-09-06 17:55:36,242 login 100013350523436
2016-09-06 17:55:36,246 Starting new HTTPS connection (1): developers.facebook.com
2016-09-06 17:55:36,713 Starting new HTTPS connection (1): 0-edge-chat.facebook.com
2016-09-06 17:55:37,261 Starting new HTTPS connection (1): slack.com
2016-09-06 17:55:37,600 Starting new HTTPS connection (1): 0-channel-proxy-06-ash2.facebook.com
2016-09-06 17:55:55,407 Initialized in: /var/www/fbpy/python-rtmbot
2016-09-06 17:55:55,415 Starting new HTTPS connection (1): slack.com
2016-09-06 17:55:56,254 /var/www/fbpy/python-rtmbot/plugins/Facebot/Facebot.py
2016-09-06 17:55:56,303 Starting new HTTPS connection (1): www.facebook.com
2016-09-06 17:55:58,070 login 100013350523436
2016-09-06 17:55:58,073 Starting new HTTPS connection (1): developers.facebook.com
2016-09-06 17:55:58,513 []
2016-09-06 17:55:58,513 /var/www/fbpy/python-rtmbot/plugins/Facebot/setup.py
2016-09-06 17:56:21,590 Initialized in: /var/www/fbpy/python-rtmbot
2016-09-06 17:56:21,598 Starting new HTTPS connection (1): slack.com
2016-09-06 17:56:22,649 /var/www/fbpy/python-rtmbot/plugins/Facebot/Facebot.py
2016-09-06 17:56:22,701 Starting new HTTPS connection (1): www.facebook.com
2016-09-06 17:56:24,380 login 100013350523436
2016-09-06 17:56:24,386 Starting new HTTPS connection (1): developers.facebook.com
2016-09-06 17:56:24,763 []
2016-09-06 17:56:24,763 /var/www/fbpy/python-rtmbot/plugins/Facebot/setup.py
2016-09-06 17:56:43,744 Initialized in: /var/www/fbpy/python-rtmbot
2016-09-06 17:56:43,752 Starting new HTTPS connection (1): slack.com
2016-09-06 17:56:44,721 /var/www/fbpy/python-rtmbot/plugins/Facebot/Facebot.py
2016-09-06 17:56:44,771 Starting new HTTPS connection (1): www.facebook.com
2016-09-06 17:56:46,377 login 100013350523436
2016-09-06 17:56:46,382 Starting new HTTPS connection (1): developers.facebook.com
2016-09-06 17:56:46,813 []
2016-09-06 17:56:46,814 /var/www/fbpy/python-rtmbot/plugins/Facebot/setup.py
2016-09-06 17:57:16,422 Initialized in: /var/www/fbpy/python-rtmbot
2016-09-06 17:57:16,430 Starting new HTTPS connection (1): slack.com
2016-09-06 17:57:17,277 /var/www/fbpy/python-rtmbot/plugins/Facebot/Facebot.py
2016-09-06 17:57:17,326 Starting new HTTPS connection (1): www.facebook.com
2016-09-06 17:57:19,346 login 100013350523436
2016-09-06 17:57:19,349 Starting new HTTPS connection (1): developers.facebook.com
2016-09-06 17:57:19,813 []
2016-09-06 17:57:19,814 /var/www/fbpy/python-rtmbot/plugins/Facebot/setup.py
2016-09-06 17:57:27,794 Initialized in: /var/www/fbpy/python-rtmbot
2016-09-06 17:57:27,802 Starting new HTTPS connection (1): slack.com
2016-09-06 17:57:28,608 /var/www/fbpy/python-rtmbot/plugins/Facebot/Facebot.py
2016-09-06 17:57:28,656 Starting new HTTPS connection (1): www.facebook.com
2016-09-06 17:57:30,307 login 100013350523436
2016-09-06 17:57:30,313 Starting new HTTPS connection (1): developers.facebook.com
2016-09-06 17:57:53,704 Initialized in: /var/www/fbpy/python-rtmbot
2016-09-06 17:57:53,712 Starting new HTTPS connection (1): slack.com
2016-09-06 17:57:54,772 /var/www/fbpy/python-rtmbot/plugins/Facebot/Facebot.py
2016-09-06 17:57:54,825 Starting new HTTPS connection (1): www.facebook.com
2016-09-06 17:57:56,422 login 100013350523436
2016-09-06 17:57:56,427 Starting new HTTPS connection (1): developers.facebook.com
2016-09-06 17:57:56,899 []
2016-09-06 17:57:56,899 /var/www/fbpy/python-rtmbot/plugins/Facebot/setup.py
2016-09-06 17:59:13,692 Initialized in: /var/www/fbpy/python-rtmbot
2016-09-06 17:59:13,700 Starting new HTTPS connection (1): slack.com
2016-09-06 17:59:14,615 /var/www/fbpy/python-rtmbot/plugins/Facebot/Facebot.py
2016-09-06 17:59:14,664 Starting new HTTPS connection (1): www.facebook.com
2016-09-06 17:59:17,074 login 100013350523436
2016-09-06 17:59:17,079 Starting new HTTPS connection (1): developers.facebook.com
2016-09-06 17:59:17,630 []
2016-09-06 17:59:17,630 /var/www/fbpy/python-rtmbot/plugins/Facebot/setup.py
2016-09-06 17:59:57,558 Initialized in: /var/www/fbpy/python-rtmbot
2016-09-06 17:59:57,566 Starting new HTTPS connection (1): slack.com
2016-09-06 17:59:58,632 /var/www/fbpy/python-rtmbot/plugins/Facebot/Facebot.py
2016-09-06 17:59:58,687 Starting new HTTPS connection (1): www.facebook.com
2016-09-06 18:00:00,376 login 100013350523436
2016-09-06 18:00:00,380 Starting new HTTPS connection (1): developers.facebook.com
2016-09-06 18:00:00,924 []
2016-09-06 18:00:00,925 /var/www/fbpy/python-rtmbot/plugins/Facebot/setup.py
2016-09-07 14:50:23,344 Initialized in: /var/www/fbpy/python-rtmbot
2016-09-07 14:50:23,352 Starting new HTTPS connection (1): slack.com
2016-09-07 14:50:24,270 /var/www/fbpy/python-rtmbot/plugins/Facebot/Facebot.py
2016-09-07 14:50:46,490 Initialized in: /var/www/fbpy/python-rtmbot
2016-09-07 14:50:46,498 Starting new HTTPS connection (1): slack.com
2016-09-07 14:50:47,312 /var/www/fbpy/python-rtmbot/plugins/Facebot/Facebot.py
2016-09-07 14:54:23,251 Initialized in: /var/www/fbpy/python-rtmbot
2016-09-07 14:54:23,259 Starting new HTTPS connection (1): slack.com
2016-09-07 14:54:24,133 /var/www/fbpy/python-rtmbot/plugins/Facebot/Facebot.py
2016-09-07 14:54:24,188 Starting new HTTPS connection (1): www.facebook.com
2016-09-07 14:54:26,151 login 100013350523436
2016-09-07 14:54:26,154 Starting new HTTPS connection (1): developers.facebook.com
2016-09-07 14:54:26,558 []
2016-09-07 14:54:26,558 /var/www/fbpy/python-rtmbot/plugins/Facebot/setup.py
2016-09-07 14:54:42,991 Initialized in: /var/www/fbpy/python-rtmbot
2016-09-07 14:54:42,999 Starting new HTTPS connection (1): slack.com
2016-09-07 14:54:43,945 /var/www/fbpy/python-rtmbot/plugins/Facebot/Facebot.py
2016-09-07 14:54:44,000 Starting new HTTPS connection (1): www.facebook.com
2016-09-07 14:54:45,625 login 100013350523436
2016-09-07 14:54:45,633 Starting new HTTPS connection (1): 0-edge-chat.facebook.com
2016-09-07 14:54:47,163 Starting new HTTPS connection (1): slack.com
2016-09-07 14:54:47,465 Starting new HTTPS connection (1): 0-channel-proxy-06-ash2.facebook.com
2016-09-07 14:55:06,749 Starting new HTTPS connection (1): developers.facebook.com
2016-09-07 14:55:07,218 Starting new HTTPS connection (1): graph.facebook.com
2016-09-07 14:55:07,573 Starting new HTTPS connection (1): slack.com
2016-09-07 14:56:18,501 Starting new HTTPS connection (1): graph.facebook.com
2016-09-07 14:56:19,096 Starting new HTTPS connection (1): slack.com
2016-09-07 14:57:14,289 Resetting dropped connection: developers.facebook.com
2016-09-07 14:57:14,774 Starting new HTTPS connection (1): graph.facebook.com
2016-09-07 14:57:15,292 Starting new HTTPS connection (1): slack.com
2016-09-07 15:00:25,146 Resetting dropped connection: developers.facebook.com
2016-09-07 15:00:25,598 Starting new HTTPS connection (1): graph.facebook.com
2016-09-07 15:00:26,032 Starting new HTTPS connection (1): slack.com
2016-09-07 15:01:55,555 Resetting dropped connection: developers.facebook.com
2016-09-07 15:01:56,484 Starting new HTTPS connection (1): graph.facebook.com
2016-09-07 15:01:56,823 Starting new HTTPS connection (1): slack.com
2016-09-07 15:05:15,091 Resetting dropped connection: developers.facebook.com
2016-09-07 15:05:15,484 Starting new HTTPS connection (1): graph.facebook.com
2016-09-07 15:05:15,828 Starting new HTTPS connection (1): slack.com
2016-09-07 15:08:33,425 Initialized in: /var/www/fbpy/python-rtmbot
2016-09-07 15:08:33,433 Starting new HTTPS connection (1): slack.com
2016-09-07 15:08:34,349 /var/www/fbpy/python-rtmbot/plugins/Facebot/Facebot.py
2016-09-07 15:08:34,401 Starting new HTTPS connection (1): www.facebook.com
2016-09-07 15:08:36,441 login 100013350523436
2016-09-07 15:08:36,450 Starting new HTTPS connection (1): 0-edge-chat.facebook.com
2016-09-07 15:08:37,020 Starting new HTTPS connection (1): slack.com
2016-09-07 15:08:37,313 Starting new HTTPS connection (1): 0-channel-proxy-06-ash2.facebook.com
2016-09-07 15:13:58,663 Starting new HTTPS connection (1): developers.facebook.com
2016-09-07 15:13:59,071 Starting new HTTPS connection (1): graph.facebook.com
2016-09-07 15:13:59,403 Starting new HTTPS connection (1): slack.com
2016-09-07 15:30:32,288 Resetting dropped connection: developers.facebook.com
2016-09-07 15:30:32,689 Starting new HTTPS connection (1): graph.facebook.com
2016-09-07 15:30:33,035 Starting new HTTPS connection (1): slack.com
2016-09-07 15:32:04,767 Resetting dropped connection: developers.facebook.com
2016-09-07 15:32:05,393 Starting new HTTPS connection (1): graph.facebook.com
2016-09-07 15:32:05,712 Starting new HTTPS connection (1): slack.com
2016-09-07 15:33:39,813 Resetting dropped connection: developers.facebook.com
2016-09-07 15:33:40,243 Starting new HTTPS connection (1): graph.facebook.com
2016-09-07 15:33:40,573 Starting new HTTPS connection (1): slack.com
2016-09-07 15:34:43,374 Starting new HTTPS connection (1): graph.facebook.com
2016-09-07 15:34:43,729 Starting new HTTPS connection (1): slack.com
2016-09-07 15:34:48,194 Starting new HTTPS connection (1): graph.facebook.com
2016-09-07 15:34:48,492 Starting new HTTPS connection (1): slack.com
2016-09-07 15:35:20,070 Starting new HTTPS connection (1): graph.facebook.com
2016-09-07 15:35:20,405 Starting new HTTPS connection (1): slack.com
2016-09-07 15:35:57,631 Starting new HTTPS connection (1): graph.facebook.com
2016-09-07 15:35:57,918 Starting new HTTPS connection (1): slack.com
2016-09-07 15:36:28,608 Starting new HTTPS connection (1): graph.facebook.com
2016-09-07 15:36:28,948 Starting new HTTPS connection (1): slack.com
2016-09-07 15:37:00,562 Starting new HTTPS connection (1): graph.facebook.com
2016-09-07 15:37:00,890 Starting new HTTPS connection (1): slack.com
2016-09-07 15:38:16,512 Resetting dropped connection: 0-edge-chat.facebook.com
2016-09-07 15:38:17,011 Starting new HTTPS connection (1): graph.facebook.com
2016-09-07 15:38:17,324 Starting new HTTPS connection (1): slack.com
2016-09-07 15:38:18,555 Resetting dropped connection: developers.facebook.com
2016-09-07 15:38:18,971 Starting new HTTPS connection (1): graph.facebook.com
2016-09-07 15:38:19,275 Starting new HTTPS connection (1): slack.com
2016-09-07 15:38:22,137 Starting new HTTPS connection (1): graph.facebook.com
2016-09-07 15:38:22,433 Starting new HTTPS connection (1): slack.com
2016-09-07 15:38:33,498 Starting new HTTPS connection (1): graph.facebook.com
2016-09-07 15:38:33,796 Starting new HTTPS connection (1): slack.com
2016-09-07 15:38:43,315 Starting new HTTPS connection (1): graph.facebook.com
2016-09-07 15:38:43,645 Starting new HTTPS connection (1): slack.com
2016-09-07 15:38:44,715 Starting new HTTPS connection (1): graph.facebook.com
2016-09-07 15:38:44,993 Starting new HTTPS connection (1): slack.com
2016-09-07 15:38:51,869 Starting new HTTPS connection (1): graph.facebook.com
2016-09-07 15:38:52,197 Starting new HTTPS connection (1): slack.com
2016-09-07 15:39:22,931 Starting new HTTPS connection (1): graph.facebook.com
2016-09-07 15:39:23,235 Starting new HTTPS connection (1): slack.com
2016-09-07 15:39:30,615 Starting new HTTPS connection (1): graph.facebook.com
2016-09-07 15:39:30,866 Starting new HTTPS connection (1): slack.com
2016-09-07 15:39:31,980 Starting new HTTPS connection (1): graph.facebook.com
2016-09-07 15:39:32,327 Starting new HTTPS connection (1): slack.com
2016-09-07 15:40:24,270 Starting new HTTPS connection (1): graph.facebook.com
2016-09-07 15:40:28,978 Starting new HTTPS connection (1): slack.com
2016-09-07 15:40:39,552 Starting new HTTPS connection (1): graph.facebook.com
2016-09-07 15:40:39,950 Starting new HTTPS connection (1): slack.com
2016-09-07 15:40:58,208 Starting new HTTPS connection (1): graph.facebook.com
2016-09-07 15:40:58,540 Starting new HTTPS connection (1): slack.com
2016-09-07 15:41:04,136 Starting new HTTPS connection (1): graph.facebook.com
2016-09-07 15:41:04,466 Starting new HTTPS connection (1): slack.com
2016-09-07 15:43:46,265 RequestException: HTTPSConnectionPool(host='0-edge-chat.facebook.com', port=443): Read timed out. (read timeout=60)
2016-09-07 15:43:46,373 Starting new HTTPS connection (2): 0-edge-chat.facebook.com
2016-09-07 15:48:45,594 Resetting dropped connection: developers.facebook.com
2016-09-07 15:48:46,024 Starting new HTTPS connection (1): graph.facebook.com
2016-09-07 15:48:52,321 Starting new HTTPS connection (1): slack.com
2016-09-07 15:50:40,538 Resetting dropped connection: developers.facebook.com
2016-09-07 15:50:40,932 Starting new HTTPS connection (1): graph.facebook.com
2016-09-07 15:50:41,250 Starting new HTTPS connection (1): slack.com
2016-09-07 15:50:42,929 Starting new HTTPS connection (1): graph.facebook.com
2016-09-07 15:50:43,204 Starting new HTTPS connection (1): slack.com
2016-09-07 15:56:03,343 Resetting dropped connection: developers.facebook.com
2016-09-07 15:56:03,772 Starting new HTTPS connection (1): graph.facebook.com
2016-09-07 15:56:04,094 Starting new HTTPS connection (1): slack.com
2016-09-07 15:56:05,912 Starting new HTTPS connection (1): graph.facebook.com
2016-09-07 15:56:06,209 Starting new HTTPS connection (1): slack.com
2016-09-07 15:56:09,769 Starting new HTTPS connection (1): graph.facebook.com
2016-09-07 15:56:10,057 Starting new HTTPS connection (1): slack.com
2016-09-07 15:56:23,259 Starting new HTTPS connection (1): graph.facebook.com
2016-09-07 15:56:23,603 Starting new HTTPS connection (1): slack.com
2016-09-07 16:01:46,985 Resetting dropped connection: developers.facebook.com
2016-09-07 16:01:47,392 Starting new HTTPS connection (1): graph.facebook.com
2016-09-07 16:01:47,699 Starting new HTTPS connection (1): slack.com
2016-09-07 16:01:50,311 Starting new HTTPS connection (1): graph.facebook.com
2016-09-07 16:01:50,570 Starting new HTTPS connection (1): slack.com
2016-09-07 16:38:10,003 Resetting dropped connection: developers.facebook.com
2016-09-07 16:38:10,392 Starting new HTTPS connection (1): graph.facebook.com
2016-09-07 16:38:10,660 Starting new HTTPS connection (1): slack.com
2016-09-07 17:05:59,132 []
2016-09-07 17:05:59,132 /var/www/fbpy/python-rtmbot/plugins/Facebot/setup.py
2016-09-08 11:33:49,226 Initialized in: /var/www/fbpy/python-rtmbot
2016-09-08 11:33:49,234 Starting new HTTPS connection (1): slack.com
2016-09-08 11:33:50,027 /var/www/fbpy/python-rtmbot/plugins/Facebot/Facebot.py
2016-09-08 11:33:50,077 Starting new HTTPS connection (1): www.facebook.com
2016-09-08 11:33:51,648 login 100013350523436
2016-09-08 11:33:51,657 Starting new HTTPS connection (1): 0-edge-chat.facebook.com
2016-09-08 11:33:53,174 Starting new HTTPS connection (1): slack.com
2016-09-08 11:33:53,679 Starting new HTTPS connection (1): 0-channel-proxy-06-ash2.facebook.com
2016-09-08 11:42:28,304 Initialized in: /var/www/slackbot/fbpy/python-rtmbot
2016-09-08 11:42:28,312 Starting new HTTPS connection (1): slack.com
2016-09-08 11:42:29,167 /var/www/slackbot/fbpy/python-rtmbot/plugins/Facebot/Facebot.py
2016-09-08 11:43:38,695 Initialized in: /var/www/slackbot/fbpy/python-rtmbot
2016-09-08 11:43:38,703 Starting new HTTPS connection (1): slack.com
2016-09-08 11:43:39,557 /var/www/slackbot/fbpy/python-rtmbot/plugins/Facebot/Facebot.py
2016-09-08 11:43:39,609 Starting new HTTPS connection (1): www.facebook.com
2016-09-08 11:48:45,907 Initialized in: /var/www/slackbot/fbpy/python-rtmbot
2016-09-08 11:48:45,915 Starting new HTTPS connection (1): slack.com
2016-09-08 11:48:46,780 /var/www/slackbot/fbpy/python-rtmbot/plugins/Facebot/Facebot.py
2016-09-08 11:48:46,834 Starting new HTTPS connection (1): www.facebook.com
